{"level":"info","message":"Servidor rodando na porta 3001","timestamp":"2025-02-20T04:07:08.318Z"}
{"level":"info","message":"Ambiente:","timestamp":"2025-02-20T04:07:08.322Z"}
{"level":"info","message":"Servidor rodando na porta 3001","timestamp":"2025-02-20T04:21:51.792Z"}
{"level":"info","message":"Ambiente:","timestamp":"2025-02-20T04:21:51.796Z"}
{"action":"login","id":"1740025346730","level":"info","message":"Audit event","success":true,"timestamp":"2025-02-20T04:22:26.731Z","username":"alef.martins"}
{"level":"info","message":"Servidor rodando na porta 3001","timestamp":"2025-02-20T04:33:22.306Z"}
{"level":"info","message":"Ambiente:","timestamp":"2025-02-20T04:33:22.311Z"}
{"level":"info","message":"Servidor rodando na porta 3001","timestamp":"2025-02-20T05:05:00.212Z"}
{"level":"info","message":"Ambiente:","timestamp":"2025-02-20T05:05:00.216Z"}
{"level":"info","message":"Servidor rodando na porta 3001","timestamp":"2025-02-20T05:14:02.303Z"}
{"level":"info","message":"Ambiente:","timestamp":"2025-02-20T05:14:02.307Z"}
{"action":"device_create","deviceId":"1740029008277","deviceName":"EST-MVT-OLT-FRKW","id":"1740029008279","level":"info","message":"Audit event","timestamp":"2025-02-20T05:23:28.279Z","username":"alef.martins"}
{"action":"password_change","error":"modification must be an Attribute","id":"1740029145548","level":"info","message":"Audit event","success":false,"timestamp":"2025-02-20T05:25:45.548Z","username":"alef.martins"}
{"action":"password_change","error":"Erro ao alterar senha. Verifique os requisitos de complexidade.","id":"1740029643761","level":"info","message":"Audit event","success":false,"timestamp":"2025-02-20T05:34:03.761Z","username":"alef.martins"}
{"action":"password_change","error":"Erro ao alterar senha. Verifique os requisitos de complexidade.","id":"1740029685447","level":"info","message":"Audit event","success":false,"timestamp":"2025-02-20T05:34:45.447Z","username":"alef.martins"}
{"action":"login","id":"1740063438726","level":"info","message":"Audit event","success":true,"timestamp":"2025-02-20T14:57:18.726Z","username":"alef.martins"}
{"action":"password_change","error":"Erro ao alterar senha. Verifique os requisitos de complexidade.","id":"1740063570568","level":"info","message":"Audit event","success":false,"timestamp":"2025-02-20T14:59:30.568Z","username":"alef.martins"}
{"action":"password_change","error":"Erro ao alterar senha. Verifique os requisitos de complexidade.","id":"1740064070425","level":"info","message":"Audit event","success":false,"timestamp":"2025-02-20T15:07:50.425Z","username":"alef.martins"}
{"action":"device_create","deviceId":"1740064888071","deviceName":"100.66.128.222","id":"1740064890138","level":"info","message":"Audit event","timestamp":"2025-02-20T15:21:30.138Z","username":"alef.martins"}
{"action":"device_delete","deviceId":"1740064888071","deviceName":"100.66.128.222","id":"1740064955676","level":"info","message":"Audit event","timestamp":"2025-02-20T15:22:35.677Z","username":"alef.martins"}
{"action":"login","id":"1740065154117","level":"info","message":"Audit event","success":true,"timestamp":"2025-02-20T15:25:54.117Z","username":"alef.martins"}
{"action":"password_change","error":"Erro ao alterar senha. Verifique os requisitos de complexidade.","id":"1740065215356","level":"info","message":"Audit event","success":false,"timestamp":"2025-02-20T15:26:55.356Z","username":"alef.martins"}
{"action":"login","id":"1740065867003","level":"info","message":"Audit event","success":true,"timestamp":"2025-02-20T15:37:47.003Z","username":"alef.martins"}
{"action":"password_change","error":"Erro ao alterar senha. Verifique os requisitos de complexidade.","id":"1740065939845","level":"info","message":"Audit event","success":false,"timestamp":"2025-02-20T15:38:59.845Z","username":"alef.martins"}
{"action":"password_change","error":"Erro ao alterar senha. Verifique os requisitos de complexidade.","id":"1740067823782","level":"info","message":"Audit event","success":false,"timestamp":"2025-02-20T16:10:23.782Z","username":"alef.martins"}
{"action":"login","id":"1740068518341","level":"info","message":"Audit event","success":true,"timestamp":"2025-02-20T16:21:58.341Z","username":"alef.martins"}
{"action":"password_change","error":"Erro ao alterar senha. Verifique os requisitos de complexidade.","id":"1740068543933","level":"info","message":"Audit event","success":false,"timestamp":"2025-02-20T16:22:23.933Z","username":"alef.martins"}
{"action":"password_change","error":"Erro ao alterar senha. Verifique os requisitos de complexidade.","id":"1740068635396","level":"info","message":"Audit event","success":false,"timestamp":"2025-02-20T16:23:55.396Z","username":"alef.martins"}
{"action":"password_change","error":"Erro ao alterar senha. Verifique os requisitos de complexidade.","id":"1740068792176","level":"info","message":"Audit event","success":false,"timestamp":"2025-02-20T16:26:32.176Z","username":"alef.martins"}
{"action":"password_change","error":"Erro ao alterar senha. Verifique os requisitos de complexidade.","id":"1740072129359","level":"info","message":"Audit event","success":false,"timestamp":"2025-02-20T17:22:09.359Z","username":"alef.martins"}
{"action":"login","id":"1740082762889","level":"info","message":"Audit event","success":true,"timestamp":"2025-02-20T20:19:22.889Z","username":"alef.martins"}
{"action":"device_create","deviceId":"1740083262746","deviceName":"AJU-MVT-OLT-DATACOM-MVT","id":"1740083262844","level":"info","message":"Audit event","timestamp":"2025-02-20T20:27:42.844Z","username":"alef.martins"}
{"action":"device_update","deviceId":"1740083262746","deviceName":"AJU-MVT-OLT-DATACOM-MVT","id":"1740083307953","level":"info","message":"Audit event","timestamp":"2025-02-20T20:28:27.953Z","username":"alef.martins"}
{"action":"device_update","deviceId":"1740083262746","deviceName":"AJU-MVT-OLT-DATACOM-MVT","id":"1740083330309","level":"info","message":"Audit event","timestamp":"2025-02-20T20:28:50.309Z","username":"alef.martins"}
{"action":"device_update","deviceId":"1740083262746","deviceName":"AJU-MVT-OLT-DATACOM-MVT","id":"1740083340638","level":"info","message":"Audit event","timestamp":"2025-02-20T20:29:00.638Z","username":"alef.martins"}
{"action":"login","id":"1740096369610","level":"info","message":"Audit event","success":true,"timestamp":"2025-02-21T00:06:09.610Z","username":"alef.martins"}
{"action":"login","id":"1740117166757","level":"info","message":"Audit event","success":true,"timestamp":"2025-02-21T05:52:46.757Z","username":"alef.martins"}
{"action":"login","id":"1740157007066","level":"info","message":"Audit event","success":true,"timestamp":"2025-02-21T16:56:47.066Z","username":"alef.martins"}
